LOADING	D:\01_WorkPlace\00_SW_Project\00_Infineon\TC375_Project\Product\Exe\TC375_APP.elf
EMULATION	Initial debug frequency set
EMULATION	Asserting reset
EMULATION	Connected to SoC/core(s)
EMULATION	Finished connecting to SoC
EMULATION	Releasing reset
EMULATION	Reset is INACTIVE
EMULATION	Initialization script (if any) done
No RAM which needs initialization found
EMULATION	Final debug frequency set
EMULATION	SoC ID match OK
SoC	Detected device: TC370 series, rev. AA
EMULATION	STARTED
PROGRAMMING 	34735 bytes
PROGRAMMING	Infineon TC37x_PFLASH_6MB (4 sectors)
EMULATION	END - Without cleanup
EMULATION	Asserting reset
EMULATION	Connected to SoC/core(s)
EMULATION	Finished connecting to SoC
EMULATION	Releasing reset
EMULATION	Reset is INACTIVE
EMULATION	Initialization script (if any) done
EMULATION	Final debug frequency set
EMULATION	SoC ID match OK
SoC	Detected device: TC370 series, rev. AA
EMULATION	STARTED
EMULATION	END - Without cleanup
LOADING	D:\01_WorkPlace\00_SW_Project\00_Infineon\TC375_Project\Product\Exe\TC375_APP.elf
EMULATION	Initial debug frequency set
EMULATION	Asserting reset
EMULATION	Connected to SoC/core(s)
EMULATION	Finished connecting to SoC
EMULATION	Releasing reset
EMULATION	Reset is INACTIVE
EMULATION	Initialization script (if any) done
No RAM which needs initialization found
EMULATION	Final debug frequency set
EMULATION	SoC ID match OK
SoC	Detected device: TC370 series, rev. AA
EMULATION	STARTED
PROGRAMMING 	34735 bytes
PROGRAMMING	Infineon TC37x_PFLASH_6MB (4 sectors)
PROGRAMMING	Infineon TC3xx_UCB_24kB (8 sectors)
EMULATION	END - Without cleanup
LOADING	D:\01_WorkPlace\00_SW_Project\00_Infineon\TC375_Project\Product\Exe\TC375_APP.elf
EMULATION	Initial debug frequency set
EMULATION	Asserting reset
EMULATION	Connected to SoC/core(s)
EMULATION	Finished connecting to SoC
EMULATION	Releasing reset
EMULATION	Reset is INACTIVE
EMULATION	Initialization script (if any) done
No RAM which needs initialization found
EMULATION	Final debug frequency set
EMULATION	SoC ID match OK
SoC	Detected device: TC370 series, rev. AA
EMULATION	STARTED
PROGRAMMING 	34735 bytes
PROGRAMMING	Infineon TC37x_PFLASH_6MB (4 sectors)
PROGRAMMING	Infineon TC3xx_UCB_24kB (8 sectors)
EMULATION	END - Without cleanup
LOADING	D:\01_WorkPlace\00_SW_Project\00_Infineon\TC375_Project\Product\Exe\TC375_APP.elf
EMULATION	Initial debug frequency set
EMULATION	Asserting reset
EMULATION	Connected to SoC/core(s)
EMULATION	Finished connecting to SoC
EMULATION	Releasing reset
EMULATION	Reset is INACTIVE
EMULATION	Initialization script (if any) done
No RAM which needs initialization found
EMULATION	Final debug frequency set
EMULATION	SoC ID match OK
SoC	Detected device: TC370 series, rev. AA
EMULATION	STARTED
PROGRAMMING 	34735 bytes
PROGRAMMING	Infineon TC37x_PFLASH_6MB (4 sectors)
EMULATION	END - Without cleanup
